<?xml version="1.0" encoding="UTF-8"?>
<!-- Generated by org.testng.reporters.JUnitXMLReporter -->
<testsuite ignored="0" hostname="DESKTOP-42IDNTL" failures="1" tests="7" name="Functional Testingt" time="8.214" errors="0" timestamp="2021-05-17T09:42:44 IST">
  <testcase classname="test.GruopDemoTest" name="bTest3" time="0.007"/>
  <testcase classname="test.GruopDemoTest" name="bTest4" time="0.002"/>
  <testcase classname="test.GruopDemoTest" name="aTest1" time="0.001"/>
  <testcase classname="test.GruopDemoTest" name="bTest2" time="0.001"/>
  <testcase classname="test.LoginTest" name="blogin" time="0.001"/>
  <testcase classname="test.LoginTest" name="alogout" time="0.002"/>
  <testcase classname="test.VarifyTitleTest" name="titleTest" time="8.121">
    <failure type="java.lang.AssertionError" message="The following asserts failed:
	Title varification failed expected [adfzfdsElectronics, Cars, Fashion, Collectibles &amp;amp; More | eBay] but found [Electronics, Cars, Fashion, Collectibles &amp;amp; More | eBay],
	Text varification failed expected [asSearch] but found [Search]">
      <![CDATA[java.lang.AssertionError: The following asserts failed:
Title varification failed expected [adfzfdsElectronics, Cars, Fashion, Collectibles & More | eBay] but found [Electronics, Cars, Fashion, Collectibles & More | eBay],
Text varification failed expected [asSearch] but found [Search]
at test.VarifyTitleTest.titleTest(VarifyTitleTest.java:34)
at java.base/java.util.ArrayList.forEach(ArrayList.java:1511)
... Removed 29 stack frames]]>
    </failure>
  </testcase> <!-- titleTest -->
</testsuite> <!-- Functional Testingt -->
