<?xml version="1.0" encoding="UTF-8"?>
<!-- Generated by org.testng.reporters.JUnitXMLReporter -->
<testsuite ignored="0" hostname="DESKTOP-42IDNTL" failures="1" tests="4" name="Functional Test" time="0.084" errors="0" timestamp="2021-05-22T18:25:55 IST">
  <testcase classname="test.GruopDemoTest" name="bTest3" time="0.007"/>
  <testcase classname="test.GruopDemoTest" name="bTest4" time="0.004"/>
  <testcase classname="test.GruopDemoTest" name="aTest1" time="0.005"/>
  <testcase classname="test.GruopDemoTest" name="bTest2" time="0.005">
    <failure type="java.lang.AssertionError" message="expected [true] but found [false]">
      <![CDATA[java.lang.AssertionError: expected [true] but found [false]
at test.GruopDemoTest.bTest2(GruopDemoTest.java:42)
at java.base/java.util.ArrayList.forEach(ArrayList.java:1511)
... Removed 31 stack frames]]>
    </failure>
  </testcase> <!-- bTest2 -->
</testsuite> <!-- Functional Test -->
